{
  message: 'connection <monitor> to 3.64.73.57:27017 closed',
  level: 'error',
  timestamp: '2021-03-07T16:01:20.717Z'
}
{
  level: 'error',
  message: 'Operation `countries.aggregate()` buffering timed out after 10000ms',
  timestamp: '2021-03-07T16:12:43.628Z'
}
{
  level: 'error',
  message: 'Operation `countries.aggregate()` buffering timed out after 10000ms',
  timestamp: '2021-03-07T16:14:29.488Z'
}
{
  level: 'error',
  message: 'Operation `countries.aggregate()` buffering timed out after 10000ms',
  timestamp: '2021-03-07T16:14:57.062Z'
}
{
  level: 'error',
  message: 'Operation `countries.aggregate()` buffering timed out after 10000ms',
  timestamp: '2021-03-07T16:15:34.151Z'
}
{
  message: 'connection <monitor> to 3.64.73.57:27017 closed',
  level: 'error',
  timestamp: '2021-03-07T16:15:50.320Z'
}
{
  level: 'error',
  message: 'Operation `countries.aggregate()` buffering timed out after 10000ms',
  timestamp: '2021-03-07T16:16:16.945Z'
}
{
  message: 'connection <monitor> to 3.64.73.57:27017 closed',
  level: 'error',
  timestamp: '2021-03-07T16:16:34.066Z'
}
{
  level: 'error',
  message: 'Operation `countries.aggregate()` buffering timed out after 10000ms',
  timestamp: '2021-03-07T16:17:57.680Z'
}
{
  message: 'connection <monitor> to 3.64.73.57:27017 closed',
  level: 'error',
  timestamp: '2021-03-07T16:18:14.458Z'
}
{
  level: 'error',
  message: 'Operation `countries.find()` buffering timed out after 10000ms',
  timestamp: '2021-03-07T16:23:45.070Z'
}
{
  message: 'connection <monitor> to 3.64.73.57:27017 closed',
  level: 'error',
  timestamp: '2021-03-07T16:24:01.459Z'
}
{
  message: 'connection <monitor> to 3.64.73.57:27017 closed',
  level: 'error',
  timestamp: '2021-03-07T16:24:54.263Z'
}
{
  message: 'connection <monitor> to 3.64.73.57:27017 closed',
  level: 'error',
  timestamp: '2021-03-07T16:26:26.685Z'
}
