{
  message: 'connection <monitor> to 3.64.73.57:27017 closed',
  level: 'error',
  timestamp: '2021-03-07T16:01:20.726Z'
}
{
  message: '\x1B[0mGET /countryes \x1B[31m501\x1B[0m 3.792 ms - 15\x1B[0m',
  level: 'info',
  timestamp: '2021-03-07T16:11:56.306Z'
}
{
  message: '\x1B[0mGET /countries \x1B[0m-\x1B[0m - ms - -\x1B[0m',
  level: 'info',
  timestamp: '2021-03-07T16:12:43.139Z'
}
{
  level: 'error',
  message: 'Operation `countries.aggregate()` buffering timed out after 10000ms',
  timestamp: '2021-03-07T16:12:43.629Z'
}
{
  message: '\x1B[0mGET /countries \x1B[0m-\x1B[0m - ms - -\x1B[0m',
  level: 'info',
  timestamp: '2021-03-07T16:14:28.956Z'
}
{
  level: 'error',
  message: 'Operation `countries.aggregate()` buffering timed out after 10000ms',
  timestamp: '2021-03-07T16:14:29.489Z'
}
{
  message: '\x1B[0mGET /countries \x1B[0m-\x1B[0m - ms - -\x1B[0m',
  level: 'info',
  timestamp: '2021-03-07T16:14:49.725Z'
}
{
  level: 'error',
  message: 'Operation `countries.aggregate()` buffering timed out after 10000ms',
  timestamp: '2021-03-07T16:14:57.063Z'
}
{
  message: '\x1B[0mGET /countries \x1B[0m-\x1B[0m - ms - -\x1B[0m',
  level: 'info',
  timestamp: '2021-03-07T16:15:27.176Z'
}
{
  level: 'error',
  message: 'Operation `countries.aggregate()` buffering timed out after 10000ms',
  timestamp: '2021-03-07T16:15:34.151Z'
}
{
  message: 'connection <monitor> to 3.64.73.57:27017 closed',
  level: 'error',
  timestamp: '2021-03-07T16:15:50.320Z'
}
{
  level: 'error',
  message: 'Operation `countries.aggregate()` buffering timed out after 10000ms',
  timestamp: '2021-03-07T16:16:16.954Z'
}
{
  message: '\x1B[0mGET /countries \x1B[31m500\x1B[0m 10028.192 ms - 109\x1B[0m',
  level: 'info',
  timestamp: '2021-03-07T16:16:16.970Z'
}
{
  message: 'connection <monitor> to 3.64.73.57:27017 closed',
  level: 'error',
  timestamp: '2021-03-07T16:16:34.068Z'
}
{
  message: '\x1B[0mGET /countries \x1B[0m-\x1B[0m - ms - -\x1B[0m',
  level: 'info',
  timestamp: '2021-03-07T16:17:52.663Z'
}
{
  level: 'error',
  message: 'Operation `countries.aggregate()` buffering timed out after 10000ms',
  timestamp: '2021-03-07T16:17:57.682Z'
}
{
  message: 'connection <monitor> to 3.64.73.57:27017 closed',
  level: 'error',
  timestamp: '2021-03-07T16:18:14.460Z'
}
{
  message: '\x1B[0mGET /countries \x1B[0m-\x1B[0m - ms - -\x1B[0m',
  level: 'info',
  timestamp: '2021-03-07T16:23:41.170Z'
}
{
  level: 'error',
  message: 'Operation `countries.find()` buffering timed out after 10000ms',
  timestamp: '2021-03-07T16:23:45.070Z'
}
{
  message: 'connection <monitor> to 3.64.73.57:27017 closed',
  level: 'error',
  timestamp: '2021-03-07T16:24:01.460Z'
}
{
  message: 'connection <monitor> to 3.64.73.57:27017 closed',
  level: 'error',
  timestamp: '2021-03-07T16:24:54.267Z'
}
{
  message: 'connection <monitor> to 3.64.73.57:27017 closed',
  level: 'error',
  timestamp: '2021-03-07T16:26:26.687Z'
}
{
  message: 'Mongo connection successfully!',
  level: 'info',
  timestamp: '2021-03-07T16:27:35.568Z'
}
{
  message: 'Mongo connection successfully!',
  level: 'info',
  timestamp: '2021-03-07T16:27:53.729Z'
}
{
  message: 'Mongo connection successfully!',
  level: 'info',
  timestamp: '2021-03-07T16:28:03.892Z'
}
{
  message: '\x1B[0mGET /countries \x1B[32m200\x1B[0m 254.577 ms - 2\x1B[0m',
  level: 'info',
  timestamp: '2021-03-07T16:28:10.722Z'
}
{
  message: 'Mongo connection successfully!',
  level: 'info',
  timestamp: '2021-03-07T16:28:25.048Z'
}
{
  message: 'Mongo connection successfully!',
  level: 'info',
  timestamp: '2021-03-07T16:28:31.759Z'
}
{
  message: '\x1B[0mGET /countries \x1B[32m200\x1B[0m 116.519 ms - 2\x1B[0m',
  level: 'info',
  timestamp: '2021-03-07T16:28:33.706Z'
}
{
  message: '\x1B[0mGET /countries \x1B[32m200\x1B[0m 101.588 ms - 2\x1B[0m',
  level: 'info',
  timestamp: '2021-03-07T16:30:45.650Z'
}
{
  message: '\x1B[0mGET /countries \x1B[32m200\x1B[0m 101.266 ms - 2\x1B[0m',
  level: 'info',
  timestamp: '2021-03-07T16:32:07.338Z'
}
{
  message: 'Mongo connection successfully!',
  level: 'info',
  timestamp: '2021-03-07T16:32:19.858Z'
}
{
  message: '\x1B[0mGET /countries \x1B[32m200\x1B[0m 122.755 ms - 2\x1B[0m',
  level: 'info',
  timestamp: '2021-03-07T16:32:24.183Z'
}
{
  message: '\x1B[0mGET /countries \x1B[32m200\x1B[0m 97.177 ms - 2\x1B[0m',
  level: 'info',
  timestamp: '2021-03-07T16:35:34.351Z'
}
{
  message: '\x1B[0mGET /static/js/bundle.js \x1B[31m501\x1B[0m 0.528 ms - 15\x1B[0m',
  level: 'info',
  timestamp: '2021-03-07T16:39:03.804Z'
}
{
  message: '\x1B[0mGET /static/js/vendors~main.chunk.js \x1B[31m501\x1B[0m 1.342 ms - 15\x1B[0m',
  level: 'info',
  timestamp: '2021-03-07T16:39:03.818Z'
}
{
  message: '\x1B[0mGET /static/js/main.chunk.js \x1B[31m501\x1B[0m 0.308 ms - 15\x1B[0m',
  level: 'info',
  timestamp: '2021-03-07T16:39:03.827Z'
}
{
  message: '\x1B[0mGET /manifest.json \x1B[31m501\x1B[0m 0.244 ms - 15\x1B[0m',
  level: 'info',
  timestamp: '2021-03-07T16:39:03.893Z'
}
{
  message: '\x1B[0mGET /countries \x1B[32m200\x1B[0m 105.207 ms - 1117\x1B[0m',
  level: 'info',
  timestamp: '2021-03-07T16:41:32.793Z'
}
{
  message: 'Mongo connection successfully!',
  level: 'info',
  timestamp: '2021-03-07T16:41:44.497Z'
}
{
  message: '\x1B[0mGET /countries \x1B[32m200\x1B[0m 145.173 ms - 2085\x1B[0m',
  level: 'info',
  timestamp: '2021-03-07T16:48:54.881Z'
}
{
  message: '\x1B[0mGET /countries/604503e4e1d154bd457ec770 \x1B[32m200\x1B[0m 114.404 ms - 979\x1B[0m',
  level: 'info',
  timestamp: '2021-03-07T16:49:27.113Z'
}
{
  message: '\x1B[0mGET /countries \x1B[32m200\x1B[0m 103.771 ms - 2085\x1B[0m',
  level: 'info',
  timestamp: '2021-03-07T16:49:33.446Z'
}
{
  message: '\x1B[0mGET /countries/604503e4e1d154bd457ec770 \x1B[32m200\x1B[0m 106.392 ms - 979\x1B[0m',
  level: 'info',
  timestamp: '2021-03-07T16:49:46.570Z'
}
{
  message: '\x1B[0mGET /countries \x1B[32m200\x1B[0m 122.661 ms - 2085\x1B[0m',
  level: 'info',
  timestamp: '2021-03-07T16:57:48.705Z'
}
{
  message: '\x1B[0mGET /countries/6045005ee1d154bd457ec76f \x1B[32m200\x1B[0m 104.587 ms - 1127\x1B[0m',
  level: 'info',
  timestamp: '2021-03-07T16:57:55.588Z'
}
{
  message: '\x1B[0mGET /countries/6045005ee1d154bd457ec76f \x1B[32m200\x1B[0m 122.802 ms - 2193\x1B[0m',
  level: 'info',
  timestamp: '2021-03-07T16:58:16.735Z'
}
{
  message: '\x1B[0mGET /countries/6045005ee1d154bd457ec76f \x1B[32m200\x1B[0m 183.727 ms - 3624\x1B[0m',
  level: 'info',
  timestamp: '2021-03-07T17:03:20.356Z'
}
{
  message: '\x1B[0mGET /countries/6045005ee1d154bd457ec76f \x1B[32m200\x1B[0m 130.271 ms - 5575\x1B[0m',
  level: 'info',
  timestamp: '2021-03-07T17:05:14.744Z'
}
{
  message: '\x1B[0mGET /countries \x1B[32m200\x1B[0m 108.835 ms - 2085\x1B[0m',
  level: 'info',
  timestamp: '2021-03-07T17:08:19.758Z'
}
{
  message: '\x1B[0mGET /countries/604503e4e1d154bd457ec770 \x1B[32m200\x1B[0m 110.406 ms - 1755\x1B[0m',
  level: 'info',
  timestamp: '2021-03-07T17:08:24.713Z'
}
{
  message: '\x1B[0mGET /countries/604503e4e1d154bd457ec770 \x1B[32m200\x1B[0m 102.035 ms - 4822\x1B[0m',
  level: 'info',
  timestamp: '2021-03-07T17:09:29.232Z'
}
